<?xml version="1.0" encoding="UTF-8"?>
<testng-results skipped="0" failed="0" ignored="0" total="1" passed="1">
  <reporter-output>
  </reporter-output>
  <suite name="Suite" duration-ms="12030" started-at="2019-03-05T18:14:48Z" finished-at="2019-03-05T18:15:00Z">
    <groups>
    </groups>
    <test name="Test" duration-ms="12030" started-at="2019-03-05T18:14:48Z" finished-at="2019-03-05T18:15:00Z">
      <class name="acadamy.LandingpageTest">
        <test-method status="PASS" signature="login()[pri:0, instance:acadamy.LandingpageTest@6cf0e0ba]" name="login" duration-ms="11993" started-at="2019-03-05T18:14:48Z" finished-at="2019-03-05T18:15:00Z">
          <reporter-output>
          </reporter-output>
        </test-method> <!-- login -->
      </class> <!-- acadamy.LandingpageTest -->
    </test> <!-- Test -->
  </suite> <!-- Suite -->
</testng-results>
